<?xml version="1.0" encoding="UTF-8"?>
<testsuite xmlns:xsi="http://www.w3.org/2001/XMLSchema-instance" xsi:noNamespaceSchemaLocation="https://maven.apache.org/surefire/maven-surefire-plugin/xsd/surefire-test-report.xsd" name="br.com.sincronizacao.receita.util.ValidacaoUtilsTest" time="0.006" tests="9" errors="0" skipped="0" failures="0">
  <properties>
[...]
</properties>
  <testcase name="validaLinhaDetailSucessoTest" classname="br.com.sincronizacao.receita.util.ValidacaoUtilsTest" time="0"/>
  <testcase name="cabecalhoValidoFalhaTest" classname="br.com.sincronizacao.receita.util.ValidacaoUtilsTest" time="0"/>
  <testcase name="cabecalhoValidoLinhaNulaTest" classname="br.com.sincronizacao.receita.util.ValidacaoUtilsTest" time="0"/>
  <testcase name="validaLinhaDetailFalhaTest" classname="br.com.sincronizacao.receita.util.ValidacaoUtilsTest" time="0"/>
  <testcase name="ehCabecalhoFalhaTest" classname="br.com.sincronizacao.receita.util.ValidacaoUtilsTest" time="0"/>
  <testcase name="validaLinhaDetailLinhaNulaTest" classname="br.com.sincronizacao.receita.util.ValidacaoUtilsTest" time="0"/>
  <testcase name="cabecalhoValidoSucessoTest" classname="br.com.sincronizacao.receita.util.ValidacaoUtilsTest" time="0"/>
  <testcase name="ehCabecalhoSucessoTest" classname="br.com.sincronizacao.receita.util.ValidacaoUtilsTest" time="0"/>
  <testcase name="ehCabecalhoLinhaNulaTest" classname="br.com.sincronizacao.receita.util.ValidacaoUtilsTest" time="0"/>
</testsuite>